[1031/172226.755:ERROR:directory_reader_win.cc(43)] FindFirstFile: The system cannot find the path specified. (0x3)
[1031/192249.548:ERROR:directory_reader_win.cc(43)] FindFirstFile: The system cannot find the path specified. (0x3)
[1101/185515.934:ERROR:process_memory_win.cc(73)] ReadMemory at 0x171022f9b60 of 72 bytes failed: Only part of a ReadProcessMemory or WriteProcessMemory request was completed. (0x12B)
[1101/185515.934:WARNING:pe_image_annotations_reader.cc(135)] could not read annotations list object in C:\Program Files\Google\Chrome\Application\86.0.4240.111\chrome_elf.dll
[1101/185515.934:ERROR:process_memory_win.cc(73)] ReadMemory at 0x17102333d70 of 72 bytes failed: Only part of a ReadProcessMemory or WriteProcessMemory request was completed. (0x12B)
[1101/185515.934:WARNING:pe_image_annotations_reader.cc(135)] could not read annotations list object in C:\Program Files\Google\Chrome\Application\86.0.4240.111\chrome.dll
[1101/185515.942:ERROR:process_memory_win.cc(73)] ReadMemory at 0x7ff728c10000 of 64 bytes failed: Only part of a ReadProcessMemory or WriteProcessMemory request was completed. (0x12B)
[1101/185515.942:WARNING:pe_image_reader.cc(340)] could not read dos header from C:\Program Files\Google\Chrome\Application\chrome.exe
[1101/185515.942:ERROR:process_memory_win.cc(73)] ReadMemory at 0x171022f9b60 of 72 bytes failed: Only part of a ReadProcessMemory or WriteProcessMemory request was completed. (0x12B)
[1101/185515.942:WARNING:pe_image_annotations_reader.cc(135)] could not read annotations list object in C:\Program Files\Google\Chrome\Application\86.0.4240.111\chrome_elf.dll
[1101/185515.942:ERROR:process_memory_win.cc(73)] ReadMemory at 0x7ffa0c8a0000 of 64 bytes failed: Only part of a ReadProcessMemory or WriteProcessMemory request was completed. (0x12B)
[1101/185515.942:WARNING:pe_image_reader.cc(340)] could not read dos header from C:\Program Files\Google\Chrome\Application\86.0.4240.111\chrome.dll
[1101/185515.950:ERROR:process_memory_win.cc(73)] ReadMemory at 0x7ff728c10000 of 64 bytes failed: Only part of a ReadProcessMemory or WriteProcessMemory request was completed. (0x12B)
[1101/185515.950:WARNING:pe_image_reader.cc(340)] could not read dos header from C:\Program Files\Google\Chrome\Application\chrome.exe
[1101/185515.950:ERROR:process_memory_win.cc(73)] ReadMemory at 0x171022f9b60 of 72 bytes failed: Only part of a ReadProcessMemory or WriteProcessMemory request was completed. (0x12B)
[1101/185515.950:WARNING:pe_image_annotations_reader.cc(135)] could not read annotations list object in C:\Program Files\Google\Chrome\Application\86.0.4240.111\chrome_elf.dll
[1101/185515.950:ERROR:process_memory_win.cc(73)] ReadMemory at 0x7ffa0c8a0000 of 64 bytes failed: Only part of a ReadProcessMemory or WriteProcessMemory request was completed. (0x12B)
[1101/185515.950:WARNING:pe_image_reader.cc(340)] could not read dos header from C:\Program Files\Google\Chrome\Application\86.0.4240.111\chrome.dll
[1101/185515.974:ERROR:process_memory_win.cc(73)] ReadMemory at 0x2689df2000 of 57344 bytes failed: Only part of a ReadProcessMemory or WriteProcessMemory request was completed. (0x12B)
[1101/185515.974:ERROR:process_memory_win.cc(73)] ReadMemory at 0x268a5fe000 of 8192 bytes failed: Only part of a ReadProcessMemory or WriteProcessMemory request was completed. (0x12B)
[1101/185515.974:ERROR:process_memory_win.cc(73)] ReadMemory at 0x268adfa000 of 24576 bytes failed: Only part of a ReadProcessMemory or WriteProcessMemory request was completed. (0x12B)
[1101/185515.974:ERROR:process_memory_win.cc(73)] ReadMemory at 0x268b5fe000 of 8192 bytes failed: Only part of a ReadProcessMemory or WriteProcessMemory request was completed. (0x12B)
[1101/185515.974:ERROR:process_memory_win.cc(73)] ReadMemory at 0x268bdfd000 of 12288 bytes failed: Only part of a ReadProcessMemory or WriteProcessMemory request was completed. (0x12B)
[1101/185515.974:ERROR:process_memory_win.cc(73)] ReadMemory at 0x268c5fe000 of 8192 bytes failed: Only part of a ReadProcessMemory or WriteProcessMemory request was completed. (0x12B)
[1101/185515.974:ERROR:process_memory_win.cc(73)] ReadMemory at 0x268cdfe000 of 8192 bytes failed: Only part of a ReadProcessMemory or WriteProcessMemory request was completed. (0x12B)
[1101/185515.974:ERROR:process_memory_win.cc(73)] ReadMemory at 0x268d5fe000 of 8192 bytes failed: Only part of a ReadProcessMemory or WriteProcessMemory request was completed. (0x12B)
[1101/185515.974:ERROR:process_memory_win.cc(73)] ReadMemory at 0x268ddfd000 of 12288 bytes failed: Only part of a ReadProcessMemory or WriteProcessMemory request was completed. (0x12B)
[1101/185515.974:ERROR:process_memory_win.cc(73)] ReadMemory at 0x268e5fe000 of 8192 bytes failed: Only part of a ReadProcessMemory or WriteProcessMemory request was completed. (0x12B)
[1101/185515.974:ERROR:process_memory_win.cc(73)] ReadMemory at 0x268edfd000 of 12288 bytes failed: Only part of a ReadProcessMemory or WriteProcessMemory request was completed. (0x12B)
[1101/185515.974:ERROR:process_memory_win.cc(73)] ReadMemory at 0x268f5fc000 of 16384 bytes failed: Only part of a ReadProcessMemory or WriteProcessMemory request was completed. (0x12B)
[1101/185515.974:ERROR:process_memory_win.cc(73)] ReadMemory at 0x268fdfe000 of 8192 bytes failed: Only part of a ReadProcessMemory or WriteProcessMemory request was completed. (0x12B)
[1101/185515.974:ERROR:process_memory_win.cc(73)] ReadMemory at 0x26905fe000 of 8192 bytes failed: Only part of a ReadProcessMemory or WriteProcessMemory request was completed. (0x12B)
[1101/185515.974:ERROR:process_memory_win.cc(73)] ReadMemory at 0x2690dfe000 of 8192 bytes failed: Only part of a ReadProcessMemory or WriteProcessMemory request was completed. (0x12B)
[1101/185515.974:ERROR:process_memory_win.cc(73)] ReadMemory at 0x26915fe000 of 8192 bytes failed: Only part of a ReadProcessMemory or WriteProcessMemory request was completed. (0x12B)
[1101/185515.974:ERROR:process_memory_win.cc(73)] ReadMemory at 0x26895cd000 of 852 bytes failed: Only part of a ReadProcessMemory or WriteProcessMemory request was completed. (0x12B)
[1101/185515.974:ERROR:process_memory_win.cc(73)] ReadMemory at 0x26895ce000 of 6024 bytes failed: Only part of a ReadProcessMemory or WriteProcessMemory request was completed. (0x12B)
[1101/185515.974:ERROR:process_memory_win.cc(73)] ReadMemory at 0x26895d0000 of 6024 bytes failed: Only part of a ReadProcessMemory or WriteProcessMemory request was completed. (0x12B)
[1101/185515.974:ERROR:process_memory_win.cc(73)] ReadMemory at 0x26895d2000 of 6024 bytes failed: Only part of a ReadProcessMemory or WriteProcessMemory request was completed. (0x12B)
[1101/185515.974:ERROR:process_memory_win.cc(73)] ReadMemory at 0x26895d4000 of 6024 bytes failed: Only part of a ReadProcessMemory or WriteProcessMemory request was completed. (0x12B)
[1101/185515.974:ERROR:process_memory_win.cc(73)] ReadMemory at 0x26895d6000 of 6024 bytes failed: Only part of a ReadProcessMemory or WriteProcessMemory request was completed. (0x12B)
[1101/185515.982:ERROR:process_memory_win.cc(73)] ReadMemory at 0x26895d8000 of 6024 bytes failed: Only part of a ReadProcessMemory or WriteProcessMemory request was completed. (0x12B)
[1101/185515.982:ERROR:process_memory_win.cc(73)] ReadMemory at 0x26895da000 of 6024 bytes failed: Only part of a ReadProcessMemory or WriteProcessMemory request was completed. (0x12B)
[1101/185515.982:ERROR:process_memory_win.cc(73)] ReadMemory at 0x26895dc000 of 6024 bytes failed: Only part of a ReadProcessMemory or WriteProcessMemory request was completed. (0x12B)
[1101/185515.982:ERROR:process_memory_win.cc(73)] ReadMemory at 0x26895de000 of 6024 bytes failed: Only part of a ReadProcessMemory or WriteProcessMemory request was completed. (0x12B)
[1101/185515.982:ERROR:process_memory_win.cc(73)] ReadMemory at 0x26895e0000 of 6024 bytes failed: Only part of a ReadProcessMemory or WriteProcessMemory request was completed. (0x12B)
[1101/185515.982:ERROR:process_memory_win.cc(73)] ReadMemory at 0x26895e2000 of 6024 bytes failed: Only part of a ReadProcessMemory or WriteProcessMemory request was completed. (0x12B)
[1101/185515.982:ERROR:process_memory_win.cc(73)] ReadMemory at 0x26895e4000 of 6024 bytes failed: Only part of a ReadProcessMemory or WriteProcessMemory request was completed. (0x12B)
[1101/185515.982:ERROR:process_memory_win.cc(73)] ReadMemory at 0x26895e6000 of 6024 bytes failed: Only part of a ReadProcessMemory or WriteProcessMemory request was completed. (0x12B)
[1101/185515.982:ERROR:process_memory_win.cc(73)] ReadMemory at 0x26895e8000 of 6024 bytes failed: Only part of a ReadProcessMemory or WriteProcessMemory request was completed. (0x12B)
[1101/185515.982:ERROR:process_memory_win.cc(73)] ReadMemory at 0x26895ea000 of 6024 bytes failed: Only part of a ReadProcessMemory or WriteProcessMemory request was completed. (0x12B)
[1101/185515.982:ERROR:process_memory_win.cc(73)] ReadMemory at 0x26895ec000 of 6024 bytes failed: Only part of a ReadProcessMemory or WriteProcessMemory request was completed. (0x12B)
[1101/185515.982:ERROR:process_memory_win.cc(73)] ReadMemory at 0x171022f0000 of 384 bytes failed: Only part of a ReadProcessMemory or WriteProcessMemory request was completed. (0x12B)
[1101/185515.982:ERROR:process_memory_win.cc(73)] ReadMemory at 0x171022f0fe0 of 3552 bytes failed: Only part of a ReadProcessMemory or WriteProcessMemory request was completed. (0x12B)
[1101/185515.982:ERROR:process_memory_win.cc(73)] ReadMemory at 0x171022f1dd0 of 1012 bytes failed: Only part of a ReadProcessMemory or WriteProcessMemory request was completed. (0x12B)
[1101/185515.982:ERROR:process_memory_win.cc(73)] ReadMemory at 0x171022f2418 of 106 bytes failed: Only part of a ReadProcessMemory or WriteProcessMemory request was completed. (0x12B)
[1101/185515.982:ERROR:process_memory_win.cc(73)] ReadMemory at 0x171022f2484 of 702 bytes failed: Only part of a ReadProcessMemory or WriteProcessMemory request was completed. (0x12B)
[1101/185515.982:ERROR:process_memory_win.cc(73)] ReadMemory at 0x171022f2744 of 106 bytes failed: Only part of a ReadProcessMemory or WriteProcessMemory request was completed. (0x12B)
[1101/185515.982:ERROR:process_memory_win.cc(73)] ReadMemory at 0x171022f27b0 of 100 bytes failed: Only part of a ReadProcessMemory or WriteProcessMemory request was completed. (0x12B)
[1101/185515.982:ERROR:process_memory_win.cc(73)] ReadMemory at 0x171022f2820 of 58 bytes failed: Only part of a ReadProcessMemory or WriteProcessMemory request was completed. (0x12B)
[1101/185515.982:ERROR:process_memory_win.cc(73)] ReadMemory at 0x171022f2920 of 132 bytes failed: Only part of a ReadProcessMemory or WriteProcessMemory request was completed. (0x12B)
[1101/185515.982:ERROR:process_memory_win.cc(73)] ReadMemory at 0x171022f2ab0 of 132 bytes failed: Only part of a ReadProcessMemory or WriteProcessMemory request was completed. (0x12B)
[1101/185515.982:ERROR:process_memory_win.cc(73)] ReadMemory at 0x171022f2c70 of 114 bytes failed: Only part of a ReadProcessMemory or WriteProcessMemory request was completed. (0x12B)
[1101/185515.982:ERROR:process_memory_win.cc(73)] ReadMemory at 0x171022f3170 of 132 bytes failed: Only part of a ReadProcessMemory or WriteProcessMemory request was completed. (0x12B)
[1101/185515.982:ERROR:process_memory_win.cc(73)] ReadMemory at 0x171022f3300 of 64 bytes failed: Only part of a ReadProcessMemory or WriteProcessMemory request was completed. (0x12B)
[1101/185515.982:ERROR:process_memory_win.cc(73)] ReadMemory at 0x171022f34b0 of 132 bytes failed: Only part of a ReadProcessMemory or WriteProcessMemory request was completed. (0x12B)
[1101/185515.982:ERROR:process_memory_win.cc(73)] ReadMemory at 0x171022f3760 of 132 bytes failed: Only part of a ReadProcessMemory or WriteProcessMemory request was completed. (0x12B)
[1101/185515.982:ERROR:process_memory_win.cc(73)] ReadMemory at 0x171022f38f0 of 68 bytes failed: Only part of a ReadProcessMemory or WriteProcessMemory request was completed. (0x12B)
[1101/185515.982:ERROR:process_memory_win.cc(73)] ReadMemory at 0x171022f49a0 of 132 bytes failed: Only part of a ReadProcessMemory or WriteProcessMemory request was completed. (0x12B)
[1101/185515.982:ERROR:process_memory_win.cc(73)] ReadMemory at 0x171022f4ad0 of 142 bytes failed: Only part of a ReadProcessMemory or WriteProcessMemory request was completed. (0x12B)
[1101/185515.988:ERROR:process_memory_win.cc(73)] ReadMemory at 0x171022f51b0 of 62 bytes failed: Only part of a ReadProcessMemory or WriteProcessMemory request was completed. (0x12B)
[1101/185515.988:ERROR:process_memory_win.cc(73)] ReadMemory at 0x171022f5c60 of 132 bytes failed: Only part of a ReadProcessMemory or WriteProcessMemory request was completed. (0x12B)
[1101/185515.988:ERROR:process_memory_win.cc(73)] ReadMemory at 0x171022f5df0 of 60 bytes failed: Only part of a ReadProcessMemory or WriteProcessMemory request was completed. (0x12B)
[1101/185515.988:ERROR:process_memory_win.cc(73)] ReadMemory at 0x171022f96b0 of 60 bytes failed: Only part of a ReadProcessMemory or WriteProcessMemory request was completed. (0x12B)
[1101/185515.988:ERROR:process_memory_win.cc(73)] ReadMemory at 0x171022f9890 of 64 bytes failed: Only part of a ReadProcessMemory or WriteProcessMemory request was completed. (0x12B)
[1101/185515.988:ERROR:process_memory_win.cc(73)] ReadMemory at 0x171022f9ca0 of 62 bytes failed: Only part of a ReadProcessMemory or WriteProcessMemory request was completed. (0x12B)
[1101/185515.988:ERROR:process_memory_win.cc(73)] ReadMemory at 0x171022fd770 of 54 bytes failed: Only part of a ReadProcessMemory or WriteProcessMemory request was completed. (0x12B)
[1101/185515.988:ERROR:process_memory_win.cc(73)] ReadMemory at 0x17102300a40 of 76 bytes failed: Only part of a ReadProcessMemory or WriteProcessMemory request was completed. (0x12B)
[1101/185515.988:ERROR:process_memory_win.cc(73)] ReadMemory at 0x17102300d40 of 80 bytes failed: Only part of a ReadProcessMemory or WriteProcessMemory request was completed. (0x12B)
[1101/185515.988:ERROR:process_memory_win.cc(73)] ReadMemory at 0x17102300e60 of 80 bytes failed: Only part of a ReadProcessMemory or WriteProcessMemory request was completed. (0x12B)
[1101/185515.988:ERROR:process_memory_win.cc(73)] ReadMemory at 0x17102302940 of 134 bytes failed: Only part of a ReadProcessMemory or WriteProcessMemory request was completed. (0x12B)
[1101/185515.988:ERROR:process_memory_win.cc(73)] ReadMemory at 0x17102302a30 of 132 bytes failed: Only part of a ReadProcessMemory or WriteProcessMemory request was completed. (0x12B)
[1101/185515.988:ERROR:process_memory_win.cc(73)] ReadMemory at 0x171023030d0 of 132 bytes failed: Only part of a ReadProcessMemory or WriteProcessMemory request was completed. (0x12B)
[1101/185515.988:ERROR:process_memory_win.cc(73)] ReadMemory at 0x171023033f0 of 132 bytes failed: Only part of a ReadProcessMemory or WriteProcessMemory request was completed. (0x12B)
[1101/185515.988:ERROR:process_memory_win.cc(73)] ReadMemory at 0x17102303610 of 132 bytes failed: Only part of a ReadProcessMemory or WriteProcessMemory request was completed. (0x12B)
[1101/185515.988:ERROR:process_memory_win.cc(73)] ReadMemory at 0x171023037b0 of 132 bytes failed: Only part of a ReadProcessMemory or WriteProcessMemory request was completed. (0x12B)
[1101/185515.988:ERROR:process_memory_win.cc(73)] ReadMemory at 0x17102303b10 of 132 bytes failed: Only part of a ReadProcessMemory or WriteProcessMemory request was completed. (0x12B)
[1101/185515.988:ERROR:process_memory_win.cc(73)] ReadMemory at 0x17102303d70 of 132 bytes failed: Only part of a ReadProcessMemory or WriteProcessMemory request was completed. (0x12B)
[1101/185515.988:ERROR:process_memory_win.cc(73)] ReadMemory at 0x17102303fd0 of 132 bytes failed: Only part of a ReadProcessMemory or WriteProcessMemory request was completed. (0x12B)
[1101/185515.988:ERROR:process_memory_win.cc(73)] ReadMemory at 0x17102304100 of 132 bytes failed: Only part of a ReadProcessMemory or WriteProcessMemory request was completed. (0x12B)
[1101/185515.988:ERROR:process_memory_win.cc(73)] ReadMemory at 0x17102304230 of 132 bytes failed: Only part of a ReadProcessMemory or WriteProcessMemory request was completed. (0x12B)
[1101/185515.988:ERROR:process_memory_win.cc(73)] ReadMemory at 0x17102304360 of 132 bytes failed: Only part of a ReadProcessMemory or WriteProcessMemory request was completed. (0x12B)
[1101/185515.988:ERROR:process_memory_win.cc(73)] ReadMemory at 0x17102304490 of 132 bytes failed: Only part of a ReadProcessMemory or WriteProcessMemory request was completed. (0x12B)
[1101/185515.988:ERROR:process_memory_win.cc(73)] ReadMemory at 0x171023045c0 of 132 bytes failed: Only part of a ReadProcessMemory or WriteProcessMemory request was completed. (0x12B)
[1101/185515.988:ERROR:process_memory_win.cc(73)] ReadMemory at 0x171023046f0 of 132 bytes failed: Only part of a ReadProcessMemory or WriteProcessMemory request was completed. (0x12B)
[1101/185515.988:ERROR:process_memory_win.cc(73)] ReadMemory at 0x17102304820 of 132 bytes failed: Only part of a ReadProcessMemory or WriteProcessMemory request was completed. (0x12B)
[1101/185515.988:ERROR:process_memory_win.cc(73)] ReadMemory at 0x17102304950 of 132 bytes failed: Only part of a ReadProcessMemory or WriteProcessMemory request was completed. (0x12B)
[1101/185515.988:ERROR:process_memory_win.cc(73)] ReadMemory at 0x17102304a80 of 132 bytes failed: Only part of a ReadProcessMemory or WriteProcessMemory request was completed. (0x12B)
[1101/185515.988:ERROR:process_memory_win.cc(73)] ReadMemory at 0x17102304bb0 of 132 bytes failed: Only part of a ReadProcessMemory or WriteProcessMemory request was completed. (0x12B)
[1101/185515.988:ERROR:process_memory_win.cc(73)] ReadMemory at 0x17102306160 of 132 bytes failed: Only part of a ReadProcessMemory or WriteProcessMemory request was completed. (0x12B)
[1101/185515.988:ERROR:process_memory_win.cc(73)] ReadMemory at 0x17102306850 of 132 bytes failed: Only part of a ReadProcessMemory or WriteProcessMemory request was completed. (0x12B)
[1101/185515.988:ERROR:process_memory_win.cc(73)] ReadMemory at 0x17102307d60 of 132 bytes failed: Only part of a ReadProcessMemory or WriteProcessMemory request was completed. (0x12B)
[1101/185515.988:ERROR:process_memory_win.cc(73)] ReadMemory at 0x1710230bb70 of 64 bytes failed: Only part of a ReadProcessMemory or WriteProcessMemory request was completed. (0x12B)
[1101/185515.988:ERROR:process_memory_win.cc(73)] ReadMemory at 0x1710230bc10 of 62 bytes failed: Only part of a ReadProcessMemory or WriteProcessMemory request was completed. (0x12B)
[1101/185515.988:ERROR:process_memory_win.cc(73)] ReadMemory at 0x1710230bc60 of 62 bytes failed: Only part of a ReadProcessMemory or WriteProcessMemory request was completed. (0x12B)
[1101/185515.988:ERROR:process_memory_win.cc(73)] ReadMemory at 0x1710230bcb0 of 66 bytes failed: Only part of a ReadProcessMemory or WriteProcessMemory request was completed. (0x12B)
[1101/185515.988:ERROR:process_memory_win.cc(73)] ReadMemory at 0x1710230bd00 of 64 bytes failed: Only part of a ReadProcessMemory or WriteProcessMemory request was completed. (0x12B)
[1101/185515.988:ERROR:process_memory_win.cc(73)] ReadMemory at 0x1710230bd50 of 64 bytes failed: Only part of a ReadProcessMemory or WriteProcessMemory request was completed. (0x12B)
[1101/185515.988:ERROR:process_memory_win.cc(73)] ReadMemory at 0x1710230bda0 of 62 bytes failed: Only part of a ReadProcessMemory or WriteProcessMemory request was completed. (0x12B)
[1101/185515.988:ERROR:process_memory_win.cc(73)] ReadMemory at 0x1710230bdf0 of 62 bytes failed: Only part of a ReadProcessMemory or WriteProcessMemory request was completed. (0x12B)
[1101/185515.988:ERROR:process_memory_win.cc(73)] ReadMemory at 0x1710230be90 of 60 bytes failed: Only part of a ReadProcessMemory or WriteProcessMemory request was completed. (0x12B)
[1101/185515.988:ERROR:process_memory_win.cc(73)] ReadMemory at 0x1710230c110 of 64 bytes failed: Only part of a ReadProcessMemory or WriteProcessMemory request was completed. (0x12B)
[1101/185515.988:ERROR:process_memory_win.cc(73)] ReadMemory at 0x1710230c200 of 60 bytes failed: Only part of a ReadProcessMemory or WriteProcessMemory request was completed. (0x12B)
[1101/185515.988:ERROR:process_memory_win.cc(73)] ReadMemory at 0x1710230c2a0 of 64 bytes failed: Only part of a ReadProcessMemory or WriteProcessMemory request was completed. (0x12B)
[1101/185515.988:ERROR:process_memory_win.cc(73)] ReadMemory at 0x1710230c2f0 of 62 bytes failed: Only part of a ReadProcessMemory or WriteProcessMemory request was completed. (0x12B)
[1101/185515.988:ERROR:process_memory_win.cc(73)] ReadMemory at 0x1710230c480 of 60 bytes failed: Only part of a ReadProcessMemory or WriteProcessMemory request was completed. (0x12B)
[1101/185515.988:ERROR:process_memory_win.cc(73)] ReadMemory at 0x1710230c4d0 of 62 bytes failed: Only part of a ReadProcessMemory or WriteProcessMemory request was completed. (0x12B)
[1101/185515.988:ERROR:process_memory_win.cc(73)] ReadMemory at 0x1710230c520 of 64 bytes failed: Only part of a ReadProcessMemory or WriteProcessMemory request was completed. (0x12B)
[1101/185515.988:ERROR:process_memory_win.cc(73)] ReadMemory at 0x1710230c570 of 66 bytes failed: Only part of a ReadProcessMemory or WriteProcessMemory request was completed. (0x12B)
[1101/185515.988:ERROR:process_memory_win.cc(73)] ReadMemory at 0x1710230c5c0 of 64 bytes failed: Only part of a ReadProcessMemory or WriteProcessMemory request was completed. (0x12B)
[1101/185515.988:ERROR:process_memory_win.cc(73)] ReadMemory at 0x1710230c610 of 62 bytes failed: Only part of a ReadProcessMemory or WriteProcessMemory request was completed. (0x12B)
[1101/185515.988:ERROR:process_memory_win.cc(73)] ReadMemory at 0x1710230c660 of 60 bytes failed: Only part of a ReadProcessMemory or WriteProcessMemory request was completed. (0x12B)
[1101/185515.988:ERROR:process_memory_win.cc(73)] ReadMemory at 0x1710230c6b0 of 58 bytes failed: Only part of a ReadProcessMemory or WriteProcessMemory request was completed. (0x12B)
[1101/185515.988:ERROR:process_memory_win.cc(73)] ReadMemory at 0x1710230c700 of 60 bytes failed: Only part of a ReadProcessMemory or WriteProcessMemory request was completed. (0x12B)
[1101/185515.988:ERROR:process_memory_win.cc(73)] ReadMemory at 0x1710230c890 of 62 bytes failed: Only part of a ReadProcessMemory or WriteProcessMemory request was completed. (0x12B)
[1101/185515.988:ERROR:process_memory_win.cc(73)] ReadMemory at 0x1710230c8e0 of 62 bytes failed: Only part of a ReadProcessMemory or WriteProcessMemory request was completed. (0x12B)
[1101/185515.988:ERROR:process_memory_win.cc(73)] ReadMemory at 0x1710230ee00 of 132 bytes failed: Only part of a ReadProcessMemory or WriteProcessMemory request was completed. (0x12B)
[1101/185515.988:ERROR:process_memory_win.cc(73)] ReadMemory at 0x1710230f470 of 132 bytes failed: Only part of a ReadProcessMemory or WriteProcessMemory request was completed. (0x12B)
[1101/185515.988:ERROR:process_memory_win.cc(73)] ReadMemory at 0x1710230f800 of 132 bytes failed: Only part of a ReadProcessMemory or WriteProcessMemory request was completed. (0x12B)
[1101/185515.988:ERROR:process_memory_win.cc(73)] ReadMemory at 0x17102310050 of 132 bytes failed: Only part of a ReadProcessMemory or WriteProcessMemory request was completed. (0x12B)
[1101/185515.988:ERROR:process_memory_win.cc(73)] ReadMemory at 0x17102310180 of 132 bytes failed: Only part of a ReadProcessMemory or WriteProcessMemory request was completed. (0x12B)
[1101/185515.988:ERROR:process_memory_win.cc(73)] ReadMemory at 0x171023102b0 of 132 bytes failed: Only part of a ReadProcessMemory or WriteProcessMemory request was completed. (0x12B)
[1101/185515.988:ERROR:process_memory_win.cc(73)] ReadMemory at 0x171023108a0 of 132 bytes failed: Only part of a ReadProcessMemory or WriteProcessMemory request was completed. (0x12B)
[1101/185515.988:ERROR:process_memory_win.cc(73)] ReadMemory at 0x171023109d0 of 132 bytes failed: Only part of a ReadProcessMemory or WriteProcessMemory request was completed. (0x12B)
[1101/185515.988:ERROR:process_memory_win.cc(73)] ReadMemory at 0x17102310b00 of 132 bytes failed: Only part of a ReadProcessMemory or WriteProcessMemory request was completed. (0x12B)
[1101/185515.988:ERROR:process_memory_win.cc(73)] ReadMemory at 0x17102310d60 of 132 bytes failed: Only part of a ReadProcessMemory or WriteProcessMemory request was completed. (0x12B)
[1101/185515.988:ERROR:process_memory_win.cc(73)] ReadMemory at 0x171023110f0 of 132 bytes failed: Only part of a ReadProcessMemory or WriteProcessMemory request was completed. (0x12B)
[1101/185515.988:ERROR:process_memory_win.cc(73)] ReadMemory at 0x17102359770 of 896 bytes failed: Only part of a ReadProcessMemory or WriteProcessMemory request was completed. (0x12B)
[1101/185515.988:ERROR:process_memory_win.cc(73)] ReadMemory at 0x1710235af40 of 512 bytes failed: Only part of a ReadProcessMemory or WriteProcessMemory request was completed. (0x12B)
[1101/185515.988:ERROR:process_memory_win.cc(73)] ReadMemory at 0x1710235b1f0 of 512 bytes failed: Only part of a ReadProcessMemory or WriteProcessMemory request was completed. (0x12B)
[1101/185515.988:ERROR:process_memory_win.cc(73)] ReadMemory at 0x1710236df40 of 512 bytes failed: Only part of a ReadProcessMemory or WriteProcessMemory request was completed. (0x12B)
[1101/185515.988:ERROR:process_memory_win.cc(73)] ReadMemory at 0x17102381380 of 512 bytes failed: Only part of a ReadProcessMemory or WriteProcessMemory request was completed. (0x12B)
[1101/185515.988:ERROR:process_memory_win.cc(73)] ReadMemory at 0x17102386860 of 512 bytes failed: Only part of a ReadProcessMemory or WriteProcessMemory request was completed. (0x12B)
[1101/185515.988:ERROR:process_memory_win.cc(73)] ReadMemory at 0x1710238a581 of 512 bytes failed: Only part of a ReadProcessMemory or WriteProcessMemory request was completed. (0x12B)
[1101/185515.988:ERROR:process_memory_win.cc(73)] ReadMemory at 0x17102391c20 of 736 bytes failed: Only part of a ReadProcessMemory or WriteProcessMemory request was completed. (0x12B)
[1101/185515.988:ERROR:process_memory_win.cc(73)] ReadMemory at 0x1710239bef0 of 512 bytes failed: Only part of a ReadProcessMemory or WriteProcessMemory request was completed. (0x12B)
[1101/185515.988:ERROR:process_memory_win.cc(73)] ReadMemory at 0x171023a1ed0 of 640 bytes failed: Only part of a ReadProcessMemory or WriteProcessMemory request was completed. (0x12B)
[1101/185515.988:ERROR:process_memory_win.cc(73)] ReadMemory at 0x171023a8d50 of 512 bytes failed: Only part of a ReadProcessMemory or WriteProcessMemory request was completed. (0x12B)
[1101/185515.988:ERROR:process_memory_win.cc(73)] ReadMemory at 0x171023f2a40 of 512 bytes failed: Only part of a ReadProcessMemory or WriteProcessMemory request was completed. (0x12B)
[1101/185515.988:ERROR:process_memory_win.cc(73)] ReadMemory at 0x171023f3700 of 512 bytes failed: Only part of a ReadProcessMemory or WriteProcessMemory request was completed. (0x12B)
[1101/185515.988:ERROR:process_memory_win.cc(73)] ReadMemory at 0x17103cbc7a0 of 512 bytes failed: Only part of a ReadProcessMemory or WriteProcessMemory request was completed. (0x12B)
[1101/185515.988:ERROR:process_memory_win.cc(73)] ReadMemory at 0x17103cd2998 of 512 bytes failed: Only part of a ReadProcessMemory or WriteProcessMemory request was completed. (0x12B)
[1101/185515.988:ERROR:process_memory_win.cc(73)] ReadMemory at 0x17103cd2c68 of 512 bytes failed: Only part of a ReadProcessMemory or WriteProcessMemory request was completed. (0x12B)
[1101/185515.988:ERROR:process_memory_win.cc(73)] ReadMemory at 0x17103ce3070 of 512 bytes failed: Only part of a ReadProcessMemory or WriteProcessMemory request was completed. (0x12B)
[1101/185515.988:ERROR:process_memory_win.cc(73)] ReadMemory at 0x17103cf1f81 of 512 bytes failed: Only part of a ReadProcessMemory or WriteProcessMemory request was completed. (0x12B)
[1101/185515.988:ERROR:process_memory_win.cc(73)] ReadMemory at 0x17103d58702 of 548 bytes failed: Only part of a ReadProcessMemory or WriteProcessMemory request was completed. (0x12B)
[1101/185515.988:ERROR:process_memory_win.cc(73)] ReadMemory at 0x17103dc4f50 of 512 bytes failed: Only part of a ReadProcessMemory or WriteProcessMemory request was completed. (0x12B)
[1101/185515.988:ERROR:process_memory_win.cc(73)] ReadMemory at 0x17104167a90 of 512 bytes failed: Only part of a ReadProcessMemory or WriteProcessMemory request was completed. (0x12B)
[1101/185516.004:ERROR:process_memory_win.cc(73)] ReadMemory at 0x472b08091ae0 of 512 bytes failed: Only part of a ReadProcessMemory or WriteProcessMemory request was completed. (0x12B)
[1101/185516.004:ERROR:process_memory_win.cc(73)] ReadMemory at 0x472b080e11dc of 512 bytes failed: Only part of a ReadProcessMemory or WriteProcessMemory request was completed. (0x12B)
[1101/185516.004:ERROR:process_memory_win.cc(73)] ReadMemory at 0x472b08793e84 of 512 bytes failed: Only part of a ReadProcessMemory or WriteProcessMemory request was completed. (0x12B)
[1101/185516.004:ERROR:process_memory_win.cc(73)] ReadMemory at 0x472b0893e6cc of 512 bytes failed: Only part of a ReadProcessMemory or WriteProcessMemory request was completed. (0x12B)
[1101/185516.004:ERROR:process_memory_win.cc(73)] ReadMemory at 0x7ffa0c8b030d of 512 bytes failed: Only part of a ReadProcessMemory or WriteProcessMemory request was completed. (0x12B)
[1101/185516.004:ERROR:process_memory_win.cc(73)] ReadMemory at 0x7ffa0c914090 of 512 bytes failed: Only part of a ReadProcessMemory or WriteProcessMemory request was completed. (0x12B)
[1101/185516.004:ERROR:process_memory_win.cc(73)] ReadMemory at 0x7ffa0c918046 of 512 bytes failed: Only part of a ReadProcessMemory or WriteProcessMemory request was completed. (0x12B)
[1101/185516.004:ERROR:process_memory_win.cc(73)] ReadMemory at 0x7ffa0e8c5866 of 512 bytes failed: Only part of a ReadProcessMemory or WriteProcessMemory request was completed. (0x12B)
[1101/185516.004:ERROR:process_memory_win.cc(73)] ReadMemory at 0x7ffa0e8c5ad4 of 512 bytes failed: Only part of a ReadProcessMemory or WriteProcessMemory request was completed. (0x12B)
[1101/185516.004:ERROR:process_memory_win.cc(73)] ReadMemory at 0x7ffa11c4e4d0 of 512 bytes failed: Only part of a ReadProcessMemory or WriteProcessMemory request was completed. (0x12B)
[1101/185516.004:ERROR:process_memory_win.cc(73)] ReadMemory at 0x7ffa153aba80 of 512 bytes failed: Only part of a ReadProcessMemory or WriteProcessMemory request was completed. (0x12B)
[1101/185516.004:ERROR:process_memory_win.cc(73)] ReadMemory at 0x7ffa4b7c3aa9 of 512 bytes failed: Only part of a ReadProcessMemory or WriteProcessMemory request was completed. (0x12B)
[1101/185516.004:ERROR:process_memory_win.cc(73)] ReadMemory at 0x7ffa4b7ee7b8 of 512 bytes failed: Only part of a ReadProcessMemory or WriteProcessMemory request was completed. (0x12B)
[1101/185516.004:ERROR:process_memory_win.cc(73)] ReadMemory at 0x7ffa4b9ed700 of 512 bytes failed: Only part of a ReadProcessMemory or WriteProcessMemory request was completed. (0x12B)
[1101/185516.004:ERROR:process_memory_win.cc(73)] ReadMemory at 0x7ffa4d3b1f80 of 512 bytes failed: Only part of a ReadProcessMemory or WriteProcessMemory request was completed. (0x12B)
[1101/185516.004:ERROR:process_memory_win.cc(73)] ReadMemory at 0x7ffa4dbbc074 of 672 bytes failed: Only part of a ReadProcessMemory or WriteProcessMemory request was completed. (0x12B)
[1101/185516.004:ERROR:process_memory_win.cc(73)] ReadMemory at 0x7ffa4dbbc674 of 512 bytes failed: Only part of a ReadProcessMemory or WriteProcessMemory request was completed. (0x12B)
[1101/185516.004:ERROR:process_memory_win.cc(73)] ReadMemory at 0x7ffa4dbbf924 of 608 bytes failed: Only part of a ReadProcessMemory or WriteProcessMemory request was completed. (0x12B)
[1101/185516.004:ERROR:process_memory_win.cc(73)] ReadMemory at 0x7ffa4dc4c428 of 18 bytes failed: Only part of a ReadProcessMemory or WriteProcessMemory request was completed. (0x12B)
[1101/185516.004:ERROR:process_memory_win.cc(73)] ReadMemory at 0x7ffa4dc7f4f8 of 40 bytes failed: Only part of a ReadProcessMemory or WriteProcessMemory request was completed. (0x12B)
[1101/185516.004:ERROR:process_memory_win.cc(73)] ReadMemory at 0x7ffa4dc7f978 of 48 bytes failed: Only part of a ReadProcessMemory or WriteProcessMemory request was completed. (0x12B)
[1101/185516.004:ERROR:process_memory_win.cc(73)] ReadMemory at 0x7ffa4dc853c0 of 64 bytes failed: Only part of a ReadProcessMemory or WriteProcessMemory request was completed. (0x12B)
[1101/185516.004:ERROR:scoped_process_suspend.cc(40)] NtResumeProcess: An attempt was made to access an exiting process. (0xc000010a)
[1101/190541.267:ERROR:directory_reader_win.cc(43)] FindFirstFile: The system cannot find the path specified. (0x3)
[1101/195009.803:ERROR:directory_reader_win.cc(43)] FindFirstFile: The system cannot find the path specified. (0x3)
[1102/144407.466:ERROR:directory_reader_win.cc(43)] FindFirstFile: The system cannot find the path specified. (0x3)
